<?xml version="1.0" encoding="UTF-8"?>
<!-- Generated by org.testng.reporters.JUnitReportReporter -->
<testsuite skipped="0" hostname="Tenzins-MacBook-Pro.local" name="com.walgreens.qa.register.RegistrationTestData" tests="2" failures="0" timestamp="2022-08-18T16:57:03 EDT" time="20.537" errors="0">
  <testcase name="register" time="9.417" classname="com.walgreens.qa.register.RegistrationTestData"/>
  <system-out>
Waiting for the element to be clickable ---> [[ChromeDriver: chrome on MAC (4bad821705a6d38c8703dc792868942a)] -> xpath: //strong[contains(text(),'Account')]]<br> [[ChromeDriver: chrome on MAC (4bad821705a6d38c8703dc792868942a)] -> xpath: //strong[contains(text(),'Account')]] : This element has been clicked<br> Waiting for the element to be clickable ---> [[ChromeDriver: chrome on MAC (4bad821705a6d38c8703dc792868942a)] -> xpath: //a[@id='pf-dropdown-register']]<br> [[ChromeDriver: chrome on MAC (4bad821705a6d38c8703dc792868942a)] -> xpath: //a[@id='pf-dropdown-register']] : This element has been clicked<br> [[ChromeDriver: chrome on MAC (4bad821705a6d38c8703dc792868942a)] -> xpath: //h1[text()='Create Your Walgreens.com Account']] : has value ---> Create Your Walgreens.com Account<br> Steven : This values has been passed into ---> [[ChromeDriver: chrome on MAC (4bad821705a6d38c8703dc792868942a)] -> xpath: //input[@id='wag-RXUser-firstname']]<br> Smith : This values has been passed into ---> [[ChromeDriver: chrome on MAC (4bad821705a6d38c8703dc792868942a)] -> xpath: //input[@id='wag-RXUser-lastname']]<br> stevensmith@gmail.com : This values has been passed into ---> [[ChromeDriver: chrome on MAC (4bad821705a6d38c8703dc792868942a)] -> xpath: //input[@id='wag-email']]<br> Smith369 : This values has been passed into ---> [[ChromeDriver: chrome on MAC (4bad821705a6d38c8703dc792868942a)] -> xpath: //input[@id='wag-password']]<br> [[ChromeDriver: chrome on MAC (4bad821705a6d38c8703dc792868942a)] -> xpath: //input[@id='wag-terms-checkbox']] : This element has been clicked<br> Waiting for the element to be clickable ---> [[ChromeDriver: chrome on MAC (4bad821705a6d38c8703dc792868942a)] -> xpath: //a[@id='wag-rxuser-continue-btm']]<br> [[ChromeDriver: chrome on MAC (4bad821705a6d38c8703dc792868942a)] -> xpath: //a[@id='wag-rxuser-continue-btm']] : This element has been clicked<br>  </system-out>
  <testcase name="register" time="11.120" classname="com.walgreens.qa.register.RegistrationTestData"/>
  <system-out>
Waiting for the element to be clickable ---> [[ChromeDriver: chrome on MAC (80fa9e6d116985d5904e6fbc1273fe01)] -> xpath: //strong[contains(text(),'Account')]]<br> [[ChromeDriver: chrome on MAC (80fa9e6d116985d5904e6fbc1273fe01)] -> xpath: //strong[contains(text(),'Account')]] : This element has been clicked<br> Waiting for the element to be clickable ---> [[ChromeDriver: chrome on MAC (80fa9e6d116985d5904e6fbc1273fe01)] -> xpath: //a[@id='pf-dropdown-register']]<br> [[ChromeDriver: chrome on MAC (80fa9e6d116985d5904e6fbc1273fe01)] -> xpath: //a[@id='pf-dropdown-register']] : This element has been clicked<br> [[ChromeDriver: chrome on MAC (80fa9e6d116985d5904e6fbc1273fe01)] -> xpath: //h1[text()='Create Your Walgreens.com Account']] : has value ---> Create Your Walgreens.com Account<br> John : This values has been passed into ---> [[ChromeDriver: chrome on MAC (80fa9e6d116985d5904e6fbc1273fe01)] -> xpath: //input[@id='wag-RXUser-firstname']]<br> Wallace : This values has been passed into ---> [[ChromeDriver: chrome on MAC (80fa9e6d116985d5904e6fbc1273fe01)] -> xpath: //input[@id='wag-RXUser-lastname']]<br> johnwallace@gmail.com : This values has been passed into ---> [[ChromeDriver: chrome on MAC (80fa9e6d116985d5904e6fbc1273fe01)] -> xpath: //input[@id='wag-email']]<br> Wall4567 : This values has been passed into ---> [[ChromeDriver: chrome on MAC (80fa9e6d116985d5904e6fbc1273fe01)] -> xpath: //input[@id='wag-password']]<br> [[ChromeDriver: chrome on MAC (80fa9e6d116985d5904e6fbc1273fe01)] -> xpath: //input[@id='wag-terms-checkbox']] : This element has been clicked<br> Waiting for the element to be clickable ---> [[ChromeDriver: chrome on MAC (80fa9e6d116985d5904e6fbc1273fe01)] -> xpath: //a[@id='wag-rxuser-continue-btm']]<br> [[ChromeDriver: chrome on MAC (80fa9e6d116985d5904e6fbc1273fe01)] -> xpath: //a[@id='wag-rxuser-continue-btm']] : This element has been clicked<br>  </system-out>
</testsuite> <!-- com.walgreens.qa.register.RegistrationTestData -->
