<?xml version="1.0" encoding="UTF-8"?>
<!-- Generated by org.testng.reporters.JUnitReportReporter -->
<testsuite skipped="0" hostname="Tenzins-MacBook-Pro.local" name="com.walgreens.qa.register.RegistrationTestExcel2D" tests="2" failures="0" timestamp="2022-08-18T16:57:03 EDT" time="20.700" errors="0">
  <testcase name="register" time="10.044" classname="com.walgreens.qa.register.RegistrationTestExcel2D"/>
  <system-out>
Waiting for the element to be clickable ---> [[ChromeDriver: chrome on MAC (a84ecc214a8aa9757287298bdb23e6e0)] -> xpath: //strong[contains(text(),'Account')]]<br> [[ChromeDriver: chrome on MAC (a84ecc214a8aa9757287298bdb23e6e0)] -> xpath: //strong[contains(text(),'Account')]] : This element has been clicked<br> Waiting for the element to be clickable ---> [[ChromeDriver: chrome on MAC (a84ecc214a8aa9757287298bdb23e6e0)] -> xpath: //a[@id='pf-dropdown-register']]<br> [[ChromeDriver: chrome on MAC (a84ecc214a8aa9757287298bdb23e6e0)] -> xpath: //a[@id='pf-dropdown-register']] : This element has been clicked<br> [[ChromeDriver: chrome on MAC (a84ecc214a8aa9757287298bdb23e6e0)] -> xpath: //h1[text()='Create Your Walgreens.com Account']] : has value ---> Create Your Walgreens.com Account<br> John : This values has been passed into ---> [[ChromeDriver: chrome on MAC (a84ecc214a8aa9757287298bdb23e6e0)] -> xpath: //input[@id='wag-RXUser-firstname']]<br> Wallace : This values has been passed into ---> [[ChromeDriver: chrome on MAC (a84ecc214a8aa9757287298bdb23e6e0)] -> xpath: //input[@id='wag-RXUser-lastname']]<br> johnwallace@gmail.com : This values has been passed into ---> [[ChromeDriver: chrome on MAC (a84ecc214a8aa9757287298bdb23e6e0)] -> xpath: //input[@id='wag-email']]<br> Wall4567 : This values has been passed into ---> [[ChromeDriver: chrome on MAC (a84ecc214a8aa9757287298bdb23e6e0)] -> xpath: //input[@id='wag-password']]<br> [[ChromeDriver: chrome on MAC (a84ecc214a8aa9757287298bdb23e6e0)] -> xpath: //input[@id='wag-terms-checkbox']] : This element has been clicked<br> Waiting for the element to be clickable ---> [[ChromeDriver: chrome on MAC (a84ecc214a8aa9757287298bdb23e6e0)] -> xpath: //a[@id='wag-rxuser-continue-btm']]<br> [[ChromeDriver: chrome on MAC (a84ecc214a8aa9757287298bdb23e6e0)] -> xpath: //a[@id='wag-rxuser-continue-btm']] : This element has been clicked<br>  </system-out>
  <testcase name="register" time="10.656" classname="com.walgreens.qa.register.RegistrationTestExcel2D"/>
  <system-out>
Waiting for the element to be clickable ---> [[ChromeDriver: chrome on MAC (c5550155e89df87f2fe85b3ed2089cee)] -> xpath: //strong[contains(text(),'Account')]]<br> [[ChromeDriver: chrome on MAC (c5550155e89df87f2fe85b3ed2089cee)] -> xpath: //strong[contains(text(),'Account')]] : This element has been clicked<br> Waiting for the element to be clickable ---> [[ChromeDriver: chrome on MAC (c5550155e89df87f2fe85b3ed2089cee)] -> xpath: //a[@id='pf-dropdown-register']]<br> [[ChromeDriver: chrome on MAC (c5550155e89df87f2fe85b3ed2089cee)] -> xpath: //a[@id='pf-dropdown-register']] : This element has been clicked<br> [[ChromeDriver: chrome on MAC (c5550155e89df87f2fe85b3ed2089cee)] -> xpath: //h1[text()='Create Your Walgreens.com Account']] : has value ---> Create Your Walgreens.com Account<br> James : This values has been passed into ---> [[ChromeDriver: chrome on MAC (c5550155e89df87f2fe85b3ed2089cee)] -> xpath: //input[@id='wag-RXUser-firstname']]<br> Dean : This values has been passed into ---> [[ChromeDriver: chrome on MAC (c5550155e89df87f2fe85b3ed2089cee)] -> xpath: //input[@id='wag-RXUser-lastname']]<br> james_dean@gmail.com : This values has been passed into ---> [[ChromeDriver: chrome on MAC (c5550155e89df87f2fe85b3ed2089cee)] -> xpath: //input[@id='wag-email']]<br> Jamdea369 : This values has been passed into ---> [[ChromeDriver: chrome on MAC (c5550155e89df87f2fe85b3ed2089cee)] -> xpath: //input[@id='wag-password']]<br> [[ChromeDriver: chrome on MAC (c5550155e89df87f2fe85b3ed2089cee)] -> xpath: //input[@id='wag-terms-checkbox']] : This element has been clicked<br> Waiting for the element to be clickable ---> [[ChromeDriver: chrome on MAC (c5550155e89df87f2fe85b3ed2089cee)] -> xpath: //a[@id='wag-rxuser-continue-btm']]<br> [[ChromeDriver: chrome on MAC (c5550155e89df87f2fe85b3ed2089cee)] -> xpath: //a[@id='wag-rxuser-continue-btm']] : This element has been clicked<br>  </system-out>
</testsuite> <!-- com.walgreens.qa.register.RegistrationTestExcel2D -->
